{"C:\\Users\\nawaf\\OneDrive\\Desktop\\React tutorial\\Akshay-main\\src\\constants.js": {"path":"C:\\Users\\nawaf\\OneDrive\\Desktop\\React tutorial\\Akshay-main\\src\\constants.js","statementMap":{"0":{"start":{"line":1,"column":23},"end":{"line":1,"column":106}},"1":{"start":{"line":2,"column":25},"end":{"line":2,"column":153}},"2":{"start":{"line":4,"column":28},"end":{"line":358,"column":5}}},"fnMap":{},"branchMap":{},"s":{"0":2,"1":2,"2":2},"f":{},"b":{},"_coverageSchema":"1a1c01bbd47fc00a2c39e90264f33305004495a9","hash":"b5d71aa33f02ce4a8d6b08c0e1dfc1bbe4f19424"}
,"C:\\Users\\nawaf\\OneDrive\\Desktop\\React tutorial\\Akshay-main\\src\\components\\Body.js": {"path":"C:\\Users\\nawaf\\OneDrive\\Desktop\\React tutorial\\Akshay-main\\src\\components\\Body.js","statementMap":{"0":{"start":{"line":10,"column":13},"end":{"line":87,"column":1}},"1":{"start":{"line":11,"column":36},"end":{"line":11,"column":48}},"2":{"start":{"line":12,"column":54},"end":{"line":12,"column":66}},"3":{"start":{"line":15,"column":54},"end":{"line":15,"column":66}},"4":{"start":{"line":18,"column":23},"end":{"line":18,"column":46}},"5":{"start":{"line":22,"column":2},"end":{"line":26,"column":8}},"6":{"start":{"line":24,"column":4},"end":{"line":24,"column":15}},"7":{"start":{"line":31,"column":18},"end":{"line":46,"column":20}},"8":{"start":{"line":33,"column":17},"end":{"line":39,"column":5}},"9":{"start":{"line":40,"column":17},"end":{"line":40,"column":34}},"10":{"start":{"line":41,"column":28},"end":{"line":41,"column":107}},"11":{"start":{"line":43,"column":4},"end":{"line":43,"column":32}},"12":{"start":{"line":44,"column":4},"end":{"line":44,"column":43}},"13":{"start":{"line":45,"column":4},"end":{"line":45,"column":43}},"14":{"start":{"line":46,"column":0},"end":{"line":46,"column":17}},"15":{"start":{"line":49,"column":17},"end":{"line":49,"column":28}},"16":{"start":{"line":51,"column":2},"end":{"line":53,"column":3}},"17":{"start":{"line":52,"column":4},"end":{"line":52,"column":40}},"18":{"start":{"line":55,"column":2},"end":{"line":86,"column":3}},"19":{"start":{"line":64,"column":27},"end":{"line":64,"column":55}},"20":{"start":{"line":67,"column":21},"end":{"line":67,"column":63}},"21":{"start":{"line":68,"column":9},"end":{"line":68,"column":36}},"22":{"start":{"line":73,"column":9},"end":{"line":73,"column":48}},"23":{"start":{"line":76,"column":9},"end":{"line":76,"column":49}},"24":{"start":{"line":81,"column":9},"end":{"line":81,"column":101}}},"fnMap":{"0":{"name":"(anonymous_0)","decl":{"start":{"line":10,"column":13},"end":{"line":10,"column":14}},"loc":{"start":{"line":10,"column":19},"end":{"line":87,"column":1}},"line":10},"1":{"name":"(anonymous_1)","decl":{"start":{"line":22,"column":12},"end":{"line":22,"column":13}},"loc":{"start":{"line":22,"column":18},"end":{"line":26,"column":3}},"line":22},"2":{"name":"(anonymous_2)","decl":{"start":{"line":31,"column":18},"end":{"line":31,"column":19}},"loc":{"start":{"line":31,"column":27},"end":{"line":46,"column":20}},"line":31},"3":{"name":"(anonymous_3)","decl":{"start":{"line":64,"column":20},"end":{"line":64,"column":21}},"loc":{"start":{"line":64,"column":27},"end":{"line":64,"column":55}},"line":64},"4":{"name":"(anonymous_4)","decl":{"start":{"line":66,"column":120},"end":{"line":66,"column":121}},"loc":{"start":{"line":66,"column":124},"end":{"line":69,"column":9}},"line":66},"5":{"name":"(anonymous_5)","decl":{"start":{"line":72,"column":44},"end":{"line":72,"column":45}},"loc":{"start":{"line":73,"column":9},"end":{"line":73,"column":48}},"line":73},"6":{"name":"(anonymous_6)","decl":{"start":{"line":75,"column":44},"end":{"line":75,"column":45}},"loc":{"start":{"line":76,"column":9},"end":{"line":76,"column":49}},"line":76},"7":{"name":"(anonymous_7)","decl":{"start":{"line":80,"column":32},"end":{"line":80,"column":33}},"loc":{"start":{"line":81,"column":9},"end":{"line":81,"column":101}},"line":81}},"branchMap":{"0":{"loc":{"start":{"line":41,"column":28},"end":{"line":41,"column":107}},"type":"binary-expr","locations":[{"start":{"line":41,"column":28},"end":{"line":41,"column":102}},{"start":{"line":41,"column":105},"end":{"line":41,"column":107}}],"line":41},"1":{"loc":{"start":{"line":51,"column":2},"end":{"line":53,"column":3}},"type":"if","locations":[{"start":{"line":51,"column":2},"end":{"line":53,"column":3}},{"start":{},"end":{}}],"line":51},"2":{"loc":{"start":{"line":55,"column":9},"end":{"line":86,"column":3}},"type":"cond-expr","locations":[{"start":{"line":55,"column":44},"end":{"line":55,"column":54}},{"start":{"line":56,"column":4},"end":{"line":85,"column":10}}],"line":55}},"s":{"0":2,"1":9,"2":8,"3":8,"4":8,"5":8,"6":4,"7":8,"8":4,"9":4,"10":4,"11":4,"12":4,"13":4,"14":4,"15":8,"16":8,"17":0,"18":8,"19":1,"20":1,"21":1,"22":0,"23":0,"24":28},"f":{"0":9,"1":4,"2":4,"3":1,"4":1,"5":0,"6":0,"7":28},"b":{"0":[4,0],"1":[0,8],"2":[4,4]},"_coverageSchema":"1a1c01bbd47fc00a2c39e90264f33305004495a9","hash":"3b283114cc513d6963a93a1f99b139d07c93ac50"}
,"C:\\Users\\nawaf\\OneDrive\\Desktop\\React tutorial\\Akshay-main\\src\\components\\Header.js": {"path":"C:\\Users\\nawaf\\OneDrive\\Desktop\\React tutorial\\Akshay-main\\src\\components\\Header.js","statementMap":{"0":{"start":{"line":7,"column":15},"end":{"line":16,"column":1}},"1":{"start":{"line":9,"column":4},"end":{"line":15,"column":5}},"2":{"start":{"line":18,"column":22},"end":{"line":44,"column":1}},"3":{"start":{"line":19,"column":22},"end":{"line":19,"column":60}},"4":{"start":{"line":19,"column":43},"end":{"line":19,"column":59}},"5":{"start":{"line":20,"column":4},"end":{"line":20,"column":26}},"6":{"start":{"line":21,"column":35},"end":{"line":21,"column":50}},"7":{"start":{"line":22,"column":19},"end":{"line":22,"column":30}},"8":{"start":{"line":23,"column":24},"end":{"line":23,"column":47}},"9":{"start":{"line":24,"column":4},"end":{"line":43,"column":5}},"10":{"start":{"line":40,"column":43},"end":{"line":40,"column":61}},"11":{"start":{"line":40,"column":100},"end":{"line":40,"column":117}}},"fnMap":{"0":{"name":"(anonymous_0)","decl":{"start":{"line":7,"column":15},"end":{"line":7,"column":16}},"loc":{"start":{"line":7,"column":19},"end":{"line":16,"column":1}},"line":7},"1":{"name":"(anonymous_1)","decl":{"start":{"line":18,"column":22},"end":{"line":18,"column":23}},"loc":{"start":{"line":18,"column":26},"end":{"line":44,"column":1}},"line":18},"2":{"name":"(anonymous_2)","decl":{"start":{"line":19,"column":34},"end":{"line":19,"column":35}},"loc":{"start":{"line":19,"column":43},"end":{"line":19,"column":59}},"line":19},"3":{"name":"(anonymous_3)","decl":{"start":{"line":40,"column":39},"end":{"line":40,"column":40}},"loc":{"start":{"line":40,"column":43},"end":{"line":40,"column":61}},"line":40},"4":{"name":"(anonymous_4)","decl":{"start":{"line":40,"column":96},"end":{"line":40,"column":97}},"loc":{"start":{"line":40,"column":100},"end":{"line":40,"column":117}},"line":40}},"branchMap":{"0":{"loc":{"start":{"line":38,"column":40},"end":{"line":38,"column":57}},"type":"cond-expr","locations":[{"start":{"line":38,"column":48},"end":{"line":38,"column":52}},{"start":{"line":38,"column":53},"end":{"line":38,"column":57}}],"line":38},"1":{"loc":{"start":{"line":40,"column":10},"end":{"line":40,"column":134}},"type":"cond-expr","locations":[{"start":{"line":40,"column":22},"end":{"line":40,"column":78}},{"start":{"line":40,"column":79},"end":{"line":40,"column":134}}],"line":40}},"s":{"0":3,"1":5,"2":3,"3":5,"4":10,"5":5,"6":5,"7":5,"8":5,"9":5,"10":0,"11":0},"f":{"0":5,"1":5,"2":10,"3":0,"4":0},"b":{"0":[5,0],"1":[0,5]},"_coverageSchema":"1a1c01bbd47fc00a2c39e90264f33305004495a9","hash":"19a194ca98d6072d87afb535e8acbf8a35d65514"}
,"C:\\Users\\nawaf\\OneDrive\\Desktop\\React tutorial\\Akshay-main\\src\\components\\RestaurantCard.js": {"path":"C:\\Users\\nawaf\\OneDrive\\Desktop\\React tutorial\\Akshay-main\\src\\components\\RestaurantCard.js","statementMap":{"0":{"start":{"line":3,"column":30},"end":{"line":23,"column":1}},"1":{"start":{"line":4,"column":16},"end":{"line":4,"column":21}},"2":{"start":{"line":10,"column":4},"end":{"line":10,"column":17}},"3":{"start":{"line":13,"column":2},"end":{"line":22,"column":3}}},"fnMap":{"0":{"name":"(anonymous_0)","decl":{"start":{"line":3,"column":30},"end":{"line":3,"column":31}},"loc":{"start":{"line":3,"column":41},"end":{"line":23,"column":1}},"line":3}},"branchMap":{},"s":{"0":2,"1":28,"2":28,"3":28},"f":{"0":28},"b":{},"_coverageSchema":"1a1c01bbd47fc00a2c39e90264f33305004495a9","hash":"559670b02353c22b02c6ee00059c05f7fe52c069"}
,"C:\\Users\\nawaf\\OneDrive\\Desktop\\React tutorial\\Akshay-main\\src\\components\\RestaurantMenu.js": {"path":"C:\\Users\\nawaf\\OneDrive\\Desktop\\React tutorial\\Akshay-main\\src\\components\\RestaurantMenu.js","statementMap":{"0":{"start":{"line":9,"column":15},"end":{"line":9,"column":26}},"1":{"start":{"line":10,"column":16},"end":{"line":10,"column":33}},"2":{"start":{"line":12,"column":20},"end":{"line":12,"column":33}},"3":{"start":{"line":13,"column":21},"end":{"line":15,"column":4}},"4":{"start":{"line":14,"column":4},"end":{"line":14,"column":27}},"5":{"start":{"line":17,"column":2},"end":{"line":60,"column":3}},"6":{"start":{"line":36,"column":23},"end":{"line":36,"column":105}},"7":{"start":{"line":37,"column":4},"end":{"line":52,"column":5}},"8":{"start":{"line":39,"column":6},"end":{"line":43,"column":9}},"9":{"start":{"line":40,"column":8},"end":{"line":42,"column":13}},"10":{"start":{"line":46,"column":32},"end":{"line":46,"column":119}},"11":{"start":{"line":47,"column":6},"end":{"line":51,"column":9}},"12":{"start":{"line":48,"column":8},"end":{"line":50,"column":13}},"13":{"start":{"line":49,"column":100},"end":{"line":49,"column":117}}},"fnMap":{"0":{"name":"RestaurantMenu","decl":{"start":{"line":8,"column":9},"end":{"line":8,"column":23}},"loc":{"start":{"line":8,"column":26},"end":{"line":61,"column":1}},"line":8},"1":{"name":"(anonymous_1)","decl":{"start":{"line":13,"column":21},"end":{"line":13,"column":22}},"loc":{"start":{"line":13,"column":29},"end":{"line":15,"column":4}},"line":13},"2":{"name":"(anonymous_2)","decl":{"start":{"line":35,"column":4},"end":{"line":35,"column":5}},"loc":{"start":{"line":35,"column":10},"end":{"line":53,"column":3}},"line":35},"3":{"name":"(anonymous_3)","decl":{"start":{"line":39,"column":62},"end":{"line":39,"column":63}},"loc":{"start":{"line":40,"column":8},"end":{"line":42,"column":13}},"line":40},"4":{"name":"(anonymous_4)","decl":{"start":{"line":47,"column":50},"end":{"line":47,"column":51}},"loc":{"start":{"line":48,"column":8},"end":{"line":50,"column":13}},"line":48},"5":{"name":"(anonymous_5)","decl":{"start":{"line":49,"column":96},"end":{"line":49,"column":97}},"loc":{"start":{"line":49,"column":100},"end":{"line":49,"column":117}},"line":49}},"branchMap":{"0":{"loc":{"start":{"line":17,"column":9},"end":{"line":60,"column":3}},"type":"cond-expr","locations":[{"start":{"line":18,"column":4},"end":{"line":18,"column":15}},{"start":{"line":20,"column":4},"end":{"line":59,"column":10}}],"line":17},"1":{"loc":{"start":{"line":37,"column":4},"end":{"line":52,"column":5}},"type":"if","locations":[{"start":{"line":37,"column":4},"end":{"line":52,"column":5}},{"start":{"line":44,"column":11},"end":{"line":52,"column":5}}],"line":37},"2":{"loc":{"start":{"line":39,"column":27},"end":{"line":39,"column":56}},"type":"binary-expr","locations":[{"start":{"line":39,"column":27},"end":{"line":39,"column":50}},{"start":{"line":39,"column":54},"end":{"line":39,"column":56}}],"line":39},"3":{"loc":{"start":{"line":46,"column":32},"end":{"line":46,"column":119}},"type":"binary-expr","locations":[{"start":{"line":46,"column":32},"end":{"line":46,"column":113}},{"start":{"line":46,"column":117},"end":{"line":46,"column":119}}],"line":46},"4":{"loc":{"start":{"line":54,"column":3},"end":{"line":56,"column":3}},"type":"binary-expr","locations":[{"start":{"line":54,"column":3},"end":{"line":54,"column":118}},{"start":{"line":55,"column":4},"end":{"line":55,"column":74}}],"line":54},"5":{"loc":{"start":{"line":54,"column":17},"end":{"line":54,"column":104}},"type":"binary-expr","locations":[{"start":{"line":54,"column":17},"end":{"line":54,"column":98}},{"start":{"line":54,"column":102},"end":{"line":54,"column":104}}],"line":54}},"s":{"0":2,"1":2,"2":2,"3":2,"4":1,"5":2,"6":1,"7":1,"8":0,"9":0,"10":1,"11":1,"12":20,"13":1},"f":{"0":2,"1":1,"2":1,"3":0,"4":20,"5":1},"b":{"0":[1,1],"1":[0,1],"2":[0,0],"3":[1,0],"4":[1,0],"5":[1,0]},"_coverageSchema":"1a1c01bbd47fc00a2c39e90264f33305004495a9","hash":"e8ac1dc85a532275cca8f46171d87b0c64282297"}
,"C:\\Users\\nawaf\\OneDrive\\Desktop\\React tutorial\\Akshay-main\\src\\components\\shimmer.js": {"path":"C:\\Users\\nawaf\\OneDrive\\Desktop\\React tutorial\\Akshay-main\\src\\components\\shimmer.js","statementMap":{"0":{"start":{"line":4,"column":2},"end":{"line":8,"column":3}},"1":{"start":{"line":6,"column":42},"end":{"line":6,"column":91}}},"fnMap":{"0":{"name":"Shimmer","decl":{"start":{"line":3,"column":9},"end":{"line":3,"column":16}},"loc":{"start":{"line":3,"column":19},"end":{"line":9,"column":1}},"line":3},"1":{"name":"(anonymous_1)","decl":{"start":{"line":6,"column":31},"end":{"line":6,"column":32}},"loc":{"start":{"line":6,"column":42},"end":{"line":6,"column":91}},"line":6}},"branchMap":{},"s":{"0":5,"1":50},"f":{"0":5,"1":50},"b":{},"_coverageSchema":"1a1c01bbd47fc00a2c39e90264f33305004495a9","hash":"14a761f67e5f4dd5222ea93f68cd5c6e98107982"}
,"C:\\Users\\nawaf\\OneDrive\\Desktop\\React tutorial\\Akshay-main\\src\\components\\sum.js": {"path":"C:\\Users\\nawaf\\OneDrive\\Desktop\\React tutorial\\Akshay-main\\src\\components\\sum.js","statementMap":{"0":{"start":{"line":1,"column":17},"end":{"line":1,"column":27}},"1":{"start":{"line":1,"column":24},"end":{"line":1,"column":27}}},"fnMap":{"0":{"name":"(anonymous_0)","decl":{"start":{"line":1,"column":17},"end":{"line":1,"column":18}},"loc":{"start":{"line":1,"column":24},"end":{"line":1,"column":27}},"line":1}},"branchMap":{},"s":{"0":1,"1":1},"f":{"0":1},"b":{},"_coverageSchema":"1a1c01bbd47fc00a2c39e90264f33305004495a9","hash":"4ea3bb15489911f63fc7332942a9c7feb2243f0c"}
,"C:\\Users\\nawaf\\OneDrive\\Desktop\\React tutorial\\Akshay-main\\src\\mocks\\data.js": {"path":"C:\\Users\\nawaf\\OneDrive\\Desktop\\React tutorial\\Akshay-main\\src\\mocks\\data.js","statementMap":{"0":{"start":{"line":1,"column":30},"end":{"line":4071,"column":1}}},"fnMap":{},"branchMap":{},"s":{"0":1},"f":{},"b":{},"_coverageSchema":"1a1c01bbd47fc00a2c39e90264f33305004495a9","hash":"90607b2c0dd775da6e16658255d7b606adc38a2d"}
,"C:\\Users\\nawaf\\OneDrive\\Desktop\\React tutorial\\Akshay-main\\src\\mocks\\menu.js": {"path":"C:\\Users\\nawaf\\OneDrive\\Desktop\\React tutorial\\Akshay-main\\src\\mocks\\menu.js","statementMap":{"0":{"start":{"line":1,"column":21},"end":{"line":46051,"column":1}}},"fnMap":{},"branchMap":{},"s":{"0":1},"f":{},"b":{},"_coverageSchema":"1a1c01bbd47fc00a2c39e90264f33305004495a9","hash":"809ae8bf4a7f8a93e4040f4539dfc9509a3f58cb"}
,"C:\\Users\\nawaf\\OneDrive\\Desktop\\React tutorial\\Akshay-main\\src\\utils\\cartSlice.js": {"path":"C:\\Users\\nawaf\\OneDrive\\Desktop\\React tutorial\\Akshay-main\\src\\utils\\cartSlice.js","statementMap":{"0":{"start":{"line":3,"column":18},"end":{"line":19,"column":2}},"1":{"start":{"line":10,"column":10},"end":{"line":10,"column":42}},"2":{"start":{"line":13,"column":12},"end":{"line":13,"column":26}},"3":{"start":{"line":16,"column":12},"end":{"line":16,"column":29}},"4":{"start":{"line":21,"column":44},"end":{"line":21,"column":61}}},"fnMap":{"0":{"name":"(anonymous_0)","decl":{"start":{"line":9,"column":16},"end":{"line":9,"column":17}},"loc":{"start":{"line":9,"column":32},"end":{"line":11,"column":9}},"line":9},"1":{"name":"(anonymous_1)","decl":{"start":{"line":12,"column":19},"end":{"line":12,"column":20}},"loc":{"start":{"line":12,"column":28},"end":{"line":14,"column":9}},"line":12},"2":{"name":"(anonymous_2)","decl":{"start":{"line":15,"column":19},"end":{"line":15,"column":20}},"loc":{"start":{"line":15,"column":35},"end":{"line":17,"column":9}},"line":15}},"branchMap":{},"s":{"0":3,"1":1,"2":0,"3":0,"4":3},"f":{"0":1,"1":0,"2":0},"b":{},"_coverageSchema":"1a1c01bbd47fc00a2c39e90264f33305004495a9","hash":"10f24df1545f9df1a01fb942ae7135cdd5ce8052"}
,"C:\\Users\\nawaf\\OneDrive\\Desktop\\React tutorial\\Akshay-main\\src\\utils\\store.js": {"path":"C:\\Users\\nawaf\\OneDrive\\Desktop\\React tutorial\\Akshay-main\\src\\utils\\store.js","statementMap":{"0":{"start":{"line":4,"column":14},"end":{"line":9,"column":2}}},"fnMap":{},"branchMap":{},"s":{"0":3},"f":{},"b":{},"_coverageSchema":"1a1c01bbd47fc00a2c39e90264f33305004495a9","hash":"1a929c9e1508bde658b980e4ce6703b5000c71cf"}
,"C:\\Users\\nawaf\\OneDrive\\Desktop\\React tutorial\\Akshay-main\\src\\utils\\useOnline.js": {"path":"C:\\Users\\nawaf\\OneDrive\\Desktop\\React tutorial\\Akshay-main\\src\\utils\\useOnline.js","statementMap":{"0":{"start":{"line":3,"column":17},"end":{"line":24,"column":1}},"1":{"start":{"line":4,"column":33},"end":{"line":4,"column":47}},"2":{"start":{"line":5,"column":0},"end":{"line":20,"column":5}},"3":{"start":{"line":6,"column":23},"end":{"line":8,"column":1}},"4":{"start":{"line":7,"column":4},"end":{"line":7,"column":21}},"5":{"start":{"line":9,"column":22},"end":{"line":11,"column":5}},"6":{"start":{"line":10,"column":8},"end":{"line":10,"column":26}},"7":{"start":{"line":13,"column":4},"end":{"line":13,"column":52}},"8":{"start":{"line":14,"column":4},"end":{"line":14,"column":53}},"9":{"start":{"line":15,"column":4},"end":{"line":19,"column":5}},"10":{"start":{"line":16,"column":8},"end":{"line":16,"column":58}},"11":{"start":{"line":17,"column":8},"end":{"line":17,"column":58}},"12":{"start":{"line":23,"column":0},"end":{"line":23,"column":16}}},"fnMap":{"0":{"name":"(anonymous_0)","decl":{"start":{"line":3,"column":17},"end":{"line":3,"column":18}},"loc":{"start":{"line":3,"column":21},"end":{"line":24,"column":1}},"line":3},"1":{"name":"(anonymous_1)","decl":{"start":{"line":5,"column":10},"end":{"line":5,"column":11}},"loc":{"start":{"line":5,"column":14},"end":{"line":20,"column":1}},"line":5},"2":{"name":"(anonymous_2)","decl":{"start":{"line":6,"column":23},"end":{"line":6,"column":24}},"loc":{"start":{"line":6,"column":27},"end":{"line":8,"column":1}},"line":6},"3":{"name":"(anonymous_3)","decl":{"start":{"line":9,"column":22},"end":{"line":9,"column":23}},"loc":{"start":{"line":9,"column":26},"end":{"line":11,"column":5}},"line":9},"4":{"name":"(anonymous_4)","decl":{"start":{"line":15,"column":11},"end":{"line":15,"column":12}},"loc":{"start":{"line":15,"column":15},"end":{"line":19,"column":5}},"line":15}},"branchMap":{},"s":{"0":3,"1":13,"2":13,"3":8,"4":0,"5":8,"6":0,"7":8,"8":8,"9":8,"10":8,"11":8,"12":13},"f":{"0":13,"1":8,"2":0,"3":0,"4":8},"b":{},"_coverageSchema":"1a1c01bbd47fc00a2c39e90264f33305004495a9","hash":"d9b02f1f86b7ea836728334a794aedc20573b418"}
,"C:\\Users\\nawaf\\OneDrive\\Desktop\\React tutorial\\Akshay-main\\src\\utils\\useRestaurant.js": {"path":"C:\\Users\\nawaf\\OneDrive\\Desktop\\React tutorial\\Akshay-main\\src\\utils\\useRestaurant.js","statementMap":{"0":{"start":{"line":3,"column":20},"end":{"line":20,"column":1}},"1":{"start":{"line":4,"column":23},"end":{"line":4,"column":35}},"2":{"start":{"line":5,"column":4},"end":{"line":8,"column":9}},"3":{"start":{"line":6,"column":8},"end":{"line":6,"column":28}},"4":{"start":{"line":12,"column":18},"end":{"line":12,"column":43}},"5":{"start":{"line":13,"column":18},"end":{"line":13,"column":35}},"6":{"start":{"line":14,"column":6},"end":{"line":14,"column":24}},"7":{"start":{"line":15,"column":6},"end":{"line":15,"column":23}},"8":{"start":{"line":17,"column":4},"end":{"line":17,"column":15}}},"fnMap":{"0":{"name":"(anonymous_0)","decl":{"start":{"line":3,"column":20},"end":{"line":3,"column":21}},"loc":{"start":{"line":3,"column":26},"end":{"line":20,"column":1}},"line":3},"1":{"name":"(anonymous_1)","decl":{"start":{"line":5,"column":14},"end":{"line":5,"column":15}},"loc":{"start":{"line":5,"column":18},"end":{"line":8,"column":5}},"line":5},"2":{"name":"RestaurantDetails","decl":{"start":{"line":10,"column":15},"end":{"line":10,"column":32}},"loc":{"start":{"line":10,"column":34},"end":{"line":16,"column":5}},"line":10}},"branchMap":{},"s":{"0":1,"1":2,"2":2,"3":1,"4":1,"5":1,"6":1,"7":1,"8":2},"f":{"0":2,"1":1,"2":1},"b":{},"_coverageSchema":"1a1c01bbd47fc00a2c39e90264f33305004495a9","hash":"59db44a59f03a1da6d5a430ed4215d9283215b92"}
,"C:\\Users\\nawaf\\OneDrive\\Desktop\\React tutorial\\Akshay-main\\src\\utils\\userContext.js": {"path":"C:\\Users\\nawaf\\OneDrive\\Desktop\\React tutorial\\Akshay-main\\src\\utils\\userContext.js","statementMap":{"0":{"start":{"line":3,"column":20},"end":{"line":7,"column":4}},"1":{"start":{"line":8,"column":0},"end":{"line":8,"column":38}}},"fnMap":{},"branchMap":{},"s":{"0":3,"1":3},"f":{},"b":{},"_coverageSchema":"1a1c01bbd47fc00a2c39e90264f33305004495a9","hash":"70085a978d84203c8657273bc8153d4dc0cd5252"}
,"C:\\Users\\nawaf\\OneDrive\\Desktop\\React tutorial\\Akshay-main\\src\\utils\\utils.js": {"path":"C:\\Users\\nawaf\\OneDrive\\Desktop\\React tutorial\\Akshay-main\\src\\utils\\utils.js","statementMap":{"0":{"start":{"line":4,"column":25},"end":{"line":6,"column":5}},"1":{"start":{"line":5,"column":6},"end":{"line":5,"column":67}},"2":{"start":{"line":7,"column":4},"end":{"line":7,"column":24}}},"fnMap":{"0":{"name":"handleSearch","decl":{"start":{"line":3,"column":16},"end":{"line":3,"column":28}},"loc":{"start":{"line":3,"column":59},"end":{"line":8,"column":3}},"line":3},"1":{"name":"(anonymous_1)","decl":{"start":{"line":4,"column":51},"end":{"line":4,"column":52}},"loc":{"start":{"line":5,"column":6},"end":{"line":5,"column":67}},"line":5}},"branchMap":{},"s":{"0":1,"1":9,"2":1},"f":{"0":1,"1":9},"b":{},"_coverageSchema":"1a1c01bbd47fc00a2c39e90264f33305004495a9","hash":"aa604b0f5c4d76149b4d012af09f7ec60bc5a909"}
}
