TN:
SF:src\constants.js
FNF:0
FNH:0
DA:1,2
DA:2,2
DA:4,2
LF:3
LH:3
BRF:0
BRH:0
end_of_record
TN:
SF:src\components\Body.js
FN:10,(anonymous_0)
FN:22,(anonymous_1)
FN:31,(anonymous_2)
FN:64,(anonymous_3)
FN:66,(anonymous_4)
FN:72,(anonymous_5)
FN:75,(anonymous_6)
FN:80,(anonymous_7)
FNF:8
FNH:6
FNDA:9,(anonymous_0)
FNDA:4,(anonymous_1)
FNDA:4,(anonymous_2)
FNDA:1,(anonymous_3)
FNDA:1,(anonymous_4)
FNDA:0,(anonymous_5)
FNDA:0,(anonymous_6)
FNDA:28,(anonymous_7)
DA:10,2
DA:11,9
DA:12,8
DA:15,8
DA:18,8
DA:22,8
DA:24,4
DA:31,8
DA:33,4
DA:40,4
DA:41,4
DA:43,4
DA:44,4
DA:45,4
DA:46,4
DA:49,8
DA:51,8
DA:52,0
DA:55,8
DA:64,1
DA:67,1
DA:68,1
DA:73,0
DA:76,0
DA:81,28
LF:25
LH:22
BRDA:41,0,0,4
BRDA:41,0,1,0
BRDA:51,1,0,0
BRDA:51,1,1,8
BRDA:55,2,0,4
BRDA:55,2,1,4
BRF:6
BRH:4
end_of_record
TN:
SF:src\components\Header.js
FN:7,(anonymous_0)
FN:18,(anonymous_1)
FN:19,(anonymous_2)
FN:40,(anonymous_3)
FN:40,(anonymous_4)
FNF:5
FNH:3
FNDA:5,(anonymous_0)
FNDA:5,(anonymous_1)
FNDA:10,(anonymous_2)
FNDA:0,(anonymous_3)
FNDA:0,(anonymous_4)
DA:7,3
DA:9,5
DA:18,3
DA:19,10
DA:20,5
DA:21,5
DA:22,5
DA:23,5
DA:24,5
DA:40,0
LF:10
LH:9
BRDA:38,0,0,5
BRDA:38,0,1,0
BRDA:40,1,0,0
BRDA:40,1,1,5
BRF:4
BRH:2
end_of_record
TN:
SF:src\components\RestaurantCard.js
FN:3,(anonymous_0)
FNF:1
FNH:1
FNDA:28,(anonymous_0)
DA:3,2
DA:4,28
DA:10,28
DA:13,28
LF:4
LH:4
BRF:0
BRH:0
end_of_record
TN:
SF:src\components\RestaurantMenu.js
FN:8,RestaurantMenu
FN:13,(anonymous_1)
FN:35,(anonymous_2)
FN:39,(anonymous_3)
FN:47,(anonymous_4)
FN:49,(anonymous_5)
FNF:6
FNH:5
FNDA:2,RestaurantMenu
FNDA:1,(anonymous_1)
FNDA:1,(anonymous_2)
FNDA:0,(anonymous_3)
FNDA:20,(anonymous_4)
FNDA:1,(anonymous_5)
DA:9,2
DA:10,2
DA:12,2
DA:13,2
DA:14,1
DA:17,2
DA:36,1
DA:37,1
DA:39,0
DA:40,0
DA:46,1
DA:47,1
DA:48,20
DA:49,1
LF:14
LH:12
BRDA:17,0,0,1
BRDA:17,0,1,1
BRDA:37,1,0,0
BRDA:37,1,1,1
BRDA:39,2,0,0
BRDA:39,2,1,0
BRDA:46,3,0,1
BRDA:46,3,1,0
BRDA:54,4,0,1
BRDA:54,4,1,0
BRDA:54,5,0,1
BRDA:54,5,1,0
BRF:12
BRH:6
end_of_record
TN:
SF:src\components\shimmer.js
FN:3,Shimmer
FN:6,(anonymous_1)
FNF:2
FNH:2
FNDA:5,Shimmer
FNDA:50,(anonymous_1)
DA:4,5
DA:6,50
LF:2
LH:2
BRF:0
BRH:0
end_of_record
TN:
SF:src\components\sum.js
FN:1,(anonymous_0)
FNF:1
FNH:1
FNDA:1,(anonymous_0)
DA:1,1
LF:1
LH:1
BRF:0
BRH:0
end_of_record
TN:
SF:src\mocks\data.js
FNF:0
FNH:0
DA:1,1
LF:1
LH:1
BRF:0
BRH:0
end_of_record
TN:
SF:src\mocks\menu.js
FNF:0
FNH:0
DA:1,1
LF:1
LH:1
BRF:0
BRH:0
end_of_record
TN:
SF:src\utils\cartSlice.js
FN:9,(anonymous_0)
FN:12,(anonymous_1)
FN:15,(anonymous_2)
FNF:3
FNH:1
FNDA:1,(anonymous_0)
FNDA:0,(anonymous_1)
FNDA:0,(anonymous_2)
DA:3,3
DA:10,1
DA:13,0
DA:16,0
DA:21,3
LF:5
LH:3
BRF:0
BRH:0
end_of_record
TN:
SF:src\utils\store.js
FNF:0
FNH:0
DA:4,3
LF:1
LH:1
BRF:0
BRH:0
end_of_record
TN:
SF:src\utils\useOnline.js
FN:3,(anonymous_0)
FN:5,(anonymous_1)
FN:6,(anonymous_2)
FN:9,(anonymous_3)
FN:15,(anonymous_4)
FNF:5
FNH:3
FNDA:13,(anonymous_0)
FNDA:8,(anonymous_1)
FNDA:0,(anonymous_2)
FNDA:0,(anonymous_3)
FNDA:8,(anonymous_4)
DA:3,3
DA:4,13
DA:5,13
DA:6,8
DA:7,0
DA:9,8
DA:10,0
DA:13,8
DA:14,8
DA:15,8
DA:16,8
DA:17,8
DA:23,13
LF:13
LH:11
BRF:0
BRH:0
end_of_record
TN:
SF:src\utils\useRestaurant.js
FN:3,(anonymous_0)
FN:5,(anonymous_1)
FN:10,RestaurantDetails
FNF:3
FNH:3
FNDA:2,(anonymous_0)
FNDA:1,(anonymous_1)
FNDA:1,RestaurantDetails
DA:3,1
DA:4,2
DA:5,2
DA:6,1
DA:12,1
DA:13,1
DA:14,1
DA:15,1
DA:17,2
LF:9
LH:9
BRF:0
BRH:0
end_of_record
TN:
SF:src\utils\userContext.js
FNF:0
FNH:0
DA:3,3
DA:8,3
LF:2
LH:2
BRF:0
BRH:0
end_of_record
TN:
SF:src\utils\utils.js
FN:3,handleSearch
FN:4,(anonymous_1)
FNF:2
FNH:2
FNDA:1,handleSearch
FNDA:9,(anonymous_1)
DA:4,1
DA:5,9
DA:7,1
LF:3
LH:3
BRF:0
BRH:0
end_of_record
